<?xml version="1.0" encoding="UTF-8"?>
<!-- Generated by org.testng.reporters.JUnitReportReporter -->
<testsuite skipped="0" hostname="Amrutham" name="MavenSelPackage.flipkartWebsite$AppiumTest" tests="1" failures="0" timestamp="11 Jul 2020 19:17:08 GMT" time="38.696" errors="0">
  <testcase name="Flipkart" time="38.696" classname="MavenSelPackage.flipkartWebsite$AppiumTest"/>
</testsuite> <!-- MavenSelPackage.flipkartWebsite$AppiumTest -->
