<?xml version="1.0" encoding="UTF-8"?>
<!-- Generated by org.testng.reporters.JUnitReportReporter -->
<testsuite skipped="0" hostname="Amrutham" name="MavenSelPackage.flipkartWebsite$flipkartTest" tests="1" failures="0" timestamp="11 Jul 2020 19:53:55 GMT" time="46.882" errors="0">
  <testcase name="Flipkart" time="46.882" classname="MavenSelPackage.flipkartWebsite$flipkartTest"/>
</testsuite> <!-- MavenSelPackage.flipkartWebsite$flipkartTest -->
